[bridge] listening on 127.0.0.1 5000
[bridge] incoming from ('127.0.0.1', 53257)
[+] TCP client connected
[bridge] incoming from ('127.0.0.1', 53258)
[+] TCP client connected
[bridge] recv from godot (repr): b'l'
[bridge] recv from godot (repr): b's'
[bridge] recv from godot (repr): b'\r'
[bridge] recv from godot (repr): b','
[bridge] recv from godot (repr): b'l'
[bridge] recv from godot (repr): b's'
[bridge] recv from godot (repr): b'\r'
[bridge] recv from godot (repr): b'l'
[bridge] recv from godot (repr): b's'
[bridge] recv from godot (repr): b'\r'
[bridge] recv from godot (repr): b'p'
[bridge] recv from godot (repr): b'w'
[bridge] recv from godot (repr): b'd'
[bridge] recv from godot (repr): b'\r'
[bridge] recv from godot (repr): b'l'
[bridge] recv from godot (repr): b's'
[bridge] recv from godot (repr): b'\r'
[bridge] recv from godot (repr): b';'
[bridge] recv from godot (repr): b's'
[bridge] recv from godot (repr): b'\r'
[bridge] recv from godot (repr): b'd'
[bridge] recv from godot (repr): b';'
[bridge] recv from godot (repr): b'a'
[bridge] recv from godot (repr): b'\r'
[bridge] recv from godot (repr): b';'
[bridge] recv from godot (repr): b'd'
[bridge] recv from godot (repr): b'a'
[bridge] recv from godot (repr): b'\r'
[bridge] recv from godot (repr): b'd'
[bridge] recv from godot (repr): b';'
[bridge] recv from godot (repr): b'a'
[bridge] recv from godot (repr): b'\r'
[bridge] recv from godot (repr): b';'
[bridge] recv from godot (repr): b'd'
[bridge] recv from godot (repr): b'\r'
[bridge] recv from godot (repr): b'\r'
[bridge] recv from godot (repr): b'\r'
[bridge] recv from godot (repr): b'\r'
[bridge] recv from godot (repr): b'\r'
[bridge] recv from godot (repr): b';'
[bridge] recv from godot (repr): b's'
[bridge] recv from godot (repr): b'\r'
[bridge] recv from godot (repr): b'l'
[bridge] recv from godot (repr): b's'
[bridge] recv from godot (repr): b'\r'
[bridge] recv from godot (repr): b'\r'
[bridge] recv from godot (repr): b'\r'
[bridge] recv from godot (repr): b'\r'
[bridge] recv from godot (repr): b'\r'
[bridge] recv from godot (repr): b'\r'
[bridge] recv from godot (repr): b'\r'
[bridge] recv from godot (repr): b'\r'
[bridge] recv from godot (repr): b'\r'
[bridge] recv from godot (repr): b'c'
[bridge] recv from godot (repr): b'd'
[bridge] recv from godot (repr): b' '
[bridge] recv from godot (repr): b'c'
[bridge] recv from godot (repr): b'\t'
[bridge] recv from godot (repr): b'\r'
[bridge] recv from godot (repr): b'l'
[bridge] recv from godot (repr): b's'
[bridge] recv from godot (repr): b'\r'
[bridge] recv from godot (repr): b'\r'
[bridge] recv from godot (repr): b'l'
[bridge] recv from godot (repr): b's'
[bridge] recv from godot (repr): b'\r'
[bridge] recv from godot (repr): b'\r'
[bridge] recv from godot (repr): b'l'
[bridge] recv from godot (repr): b's'
[bridge] recv from godot (repr): b'\r'
[bridge] recv from godot (repr): b'\r'
[bridge] recv from godot (repr): b'\r'
[bridge] recv from godot (repr): b'\r'
[bridge] recv from godot (repr): b'\r'
[bridge] recv from godot (repr): b'\r'
[bridge] recv from godot (repr): b'\r'
[bridge] recv from godot (repr): b'\r'
[bridge] recv from godot (repr): b'\r'
[bridge] recv from godot (repr): b'\r'
[bridge] recv from godot (repr): b'\r'
[bridge] recv from godot (repr): b'\r'
[bridge] recv from godot (repr): b'\r'
[bridge] recv from godot (repr): b'\r'
[bridge] recv from godot (repr): b'\r'
[bridge] recv from godot (repr): b'l'
[bridge] recv from godot (repr): b's'
[bridge] recv from godot (repr): b'\r'
[bridge] recv from godot (repr): b'\r'
[bridge] recv from godot (repr): b'l'
[bridge] recv from godot (repr): b's'
[bridge] recv from godot (repr): b'\r'
[bridge] recv from godot (repr): b'l'
[bridge] recv from godot (repr): b's'
[bridge] recv from godot (repr): b'\r'
[bridge] recv from godot (repr): b'l'
[bridge] recv from godot (repr): b's'
[bridge] recv from godot (repr): b'\r'
[bridge] recv from godot (repr): b';'
[bridge] recv from godot (repr): b'\r'
[bridge] recv from godot (repr): b';'
[bridge] recv from godot (repr): b'\r'
[bridge] recv from godot (repr): b';'
[bridge] recv from godot (repr): b'\r'
[bridge] recv from godot (repr): b';'
[bridge] recv from godot (repr): b'\r'
[bridge] recv from godot (repr): b';'
[bridge] recv from godot (repr): b'\r'
[bridge] recv from godot (repr): b';'
[bridge] recv from godot (repr): b'\r'
[bridge] recv from godot (repr): b';'
[bridge] recv from godot (repr): b'\r'
[bridge] recv from godot (repr): b';'
[bridge] recv from godot (repr): b'\r'
[bridge] recv from godot (repr): b';'
[bridge] recv from godot (repr): b'\r'
[bridge] recv from godot (repr): b'\r'
[bridge] recv from godot (repr): b'\r'
[bridge] recv from godot (repr): b'\r'
[bridge] recv from godot (repr): b'\r'
[bridge] recv from godot (repr): b'\r'
[bridge] recv from godot (repr): b'c'
[bridge] recv from godot (repr): b'l'
[bridge] recv from godot (repr): b'e'
[bridge] recv from godot (repr): b'a'
[bridge] recv from godot (repr): b'r'
[bridge] recv from godot (repr): b'\r'
[bridge] recv from godot (repr): b'\r'
[bridge] recv from godot (repr): b'l'
[bridge] recv from godot (repr): b's'
[bridge] recv from godot (repr): b'\r'
[bridge] recv from godot (repr): b'l'
[bridge] recv from godot (repr): b's'
[bridge] recv from godot (repr): b'\r'
[bridge] recv from godot (repr): b'l'
[bridge] recv from godot (repr): b's'
[bridge] recv from godot (repr): b'\r'
[bridge] recv from godot (repr): b'l'
[bridge] recv from godot (repr): b'\x7f'
[bridge] recv from godot (repr): b'\x7f'
[bridge] recv from godot (repr): b'\x7f'
[bridge] recv from godot (repr): b'\r'
[bridge] recv from godot (repr): b'p'
[bridge] recv from godot (repr): b'w'
[bridge] recv from godot (repr): b'd'
[bridge] recv from godot (repr): b'\r'
[bridge] recv from godot (repr): b'\r'
[bridge] recv from godot (repr): b'p'
[bridge] recv from godot (repr): b'w'
[bridge] recv from godot (repr): b'd'
[bridge] recv from godot (repr): b'\x7f'
[bridge] recv from godot (repr): b'\x7f'
[bridge] recv from godot (repr): b'\x7f'
[bridge] recv from godot (repr): b'\x7f'
[bridge] recv from godot (repr): b'\x7f'
[bridge] recv from godot (repr): b'\x7f'
[bridge] recv from godot (repr): b'\x7f'
[bridge] recv from godot (repr): b'\x7f'
[bridge] recv from godot (repr): b'l'
[bridge] recv from godot (repr): b's'
[bridge] recv from godot (repr): b'\r'
[-] client disconnected
[-] client disconnected
[bridge] incoming from ('127.0.0.1', 64202)
[+] TCP client connected
[bridge] incoming from ('127.0.0.1', 64204)
[+] TCP client connected
[bridge] recv from godot (repr): b'l'
[bridge] recv from godot (repr): b's'
[bridge] recv from godot (repr): b'\r'
[bridge] recv from godot (repr): b'\r'
[bridge] recv from godot (repr): b'l'
[bridge] recv from godot (repr): b's'
[bridge] recv from godot (repr): b'\r'
[bridge] recv from godot (repr): b'\r'
[bridge] recv from godot (repr): b'p'
[bridge] recv from godot (repr): b'w'
[bridge] recv from godot (repr): b'd'
[bridge] recv from godot (repr): b'\r'
[bridge] recv from godot (repr): b'\r'
[bridge] recv from godot (repr): b's'
[bridge] recv from godot (repr): b'\x7f'
[bridge] recv from godot (repr): b'e'
[bridge] recv from godot (repr): b'c'
[bridge] recv from godot (repr): b'h'
[bridge] recv from godot (repr): b'o'
[bridge] recv from godot (repr): b' '
[bridge] recv from godot (repr): b's'
[bridge] recv from godot (repr): b'\r'
[bridge] recv from godot (repr): b'\r'
[bridge] recv from godot (repr): b'\r'
[bridge] recv from godot (repr): b'\r'
[bridge] recv from godot (repr): b'c'
[bridge] recv from godot (repr): b'l'
[bridge] recv from godot (repr): b'e'
[bridge] recv from godot (repr): b'a'
[bridge] recv from godot (repr): b'r'
[bridge] recv from godot (repr): b'\r'
[bridge] recv from godot (repr): b'\r'
[bridge] recv from godot (repr): b'\r'
[bridge] recv from godot (repr): b'l'
[bridge] recv from godot (repr): b's'
[bridge] recv from godot (repr): b'\r'
[bridge] recv from godot (repr): b'l'
[bridge] recv from godot (repr): b's'
[bridge] recv from godot (repr): b'\r'
[bridge] recv from godot (repr): b'\r'
[bridge] recv from godot (repr): b'c'
[bridge] recv from godot (repr): b'i'
[bridge] recv from godot (repr): b'o'
[bridge] recv from godot (repr): b'a'
[bridge] recv from godot (repr): b'\x7f'
[bridge] recv from godot (repr): b'\x7f'
[bridge] recv from godot (repr): b'\x7f'
[bridge] recv from godot (repr): b'\x7f'
[bridge] recv from godot (repr): b'\x7f'
[bridge] recv from godot (repr): b'e'
[bridge] recv from godot (repr): b'c'
[bridge] recv from godot (repr): b'h'
[bridge] recv from godot (repr): b'o'
[bridge] recv from godot (repr): b' '
[bridge] recv from godot (repr): b'a'
[bridge] recv from godot (repr): b's'
[bridge] recv from godot (repr): b'd'
[bridge] recv from godot (repr): b'a'
[bridge] recv from godot (repr): b's'
[bridge] recv from godot (repr): b'd'
[bridge] recv from godot (repr): b'\r'
[bridge] recv from godot (repr): b'\r'
[bridge] recv from godot (repr): b'\r'
[bridge] recv from godot (repr): b'\r'
[bridge] recv from godot (repr): b'\r'
[bridge] recv from godot (repr): b'\r'
[bridge] recv from godot (repr): b'\r'
[bridge] recv from godot (repr): b'\r'
[bridge] recv from godot (repr): b'\r'
[bridge] recv from godot (repr): b'\r'
[bridge] recv from godot (repr): b'\r'
[bridge] recv from godot (repr): b'\r'
[bridge] recv from godot (repr): b'\r'
[bridge] recv from godot (repr): b'\r'
[bridge] recv from godot (repr): b'\r'
[bridge] recv from godot (repr): b'\r'
[bridge] recv from godot (repr): b'\r'
[bridge] recv from godot (repr): b'l'
[bridge] recv from godot (repr): b's'
[bridge] recv from godot (repr): b'\r'
[bridge] recv from godot (repr): b'\r'
[bridge] recv from godot (repr): b'e'
[bridge] recv from godot (repr): b'c'
[bridge] recv from godot (repr): b'h'
[bridge] recv from godot (repr): b'o'
[bridge] recv from godot (repr): b' '
[bridge] recv from godot (repr): b'e'
[bridge] recv from godot (repr): b'p'
[bridge] recv from godot (repr): b'p'
[bridge] recv from godot (repr): b'e'
[bridge] recv from godot (repr): b'\r'
[bridge] recv from godot (repr): b'\r'
[bridge] recv from godot (repr): b'\r'
[bridge] recv from godot (repr): b'\r'
[bridge] recv from godot (repr): b'\r'
[bridge] recv from godot (repr): b'\r'
[bridge] recv from godot (repr): b'\r'
[bridge] recv from godot (repr): b'c'
[bridge] recv from godot (repr): b'a'
[bridge] recv from godot (repr): b't'
[bridge] recv from godot (repr): b' '
[bridge] recv from godot (repr): b'e'
[bridge] recv from godot (repr): b'r'
[bridge] recv from godot (repr): b'\r'
[bridge] recv from godot (repr): b'\r'
[bridge] recv from godot (repr): b'c'
[bridge] recv from godot (repr): b'l'
[bridge] recv from godot (repr): b'e'
[bridge] recv from godot (repr): b'a'
[bridge] recv from godot (repr): b'r'
[bridge] recv from godot (repr): b'\r'
[bridge] recv from godot (repr): b'\r'
[bridge] recv from godot (repr): b'\r'
[bridge] recv from godot (repr): b'\r'
[bridge] recv from godot (repr): b'l'
[bridge] recv from godot (repr): b's'
[bridge] recv from godot (repr): b'\r'
[bridge] recv from godot (repr): b'c'
[bridge] recv from godot (repr): b'd'
[bridge] recv from godot (repr): b' '
[bridge] recv from godot (repr): b'c'
[bridge] recv from godot (repr): b'\t'
[bridge] recv from godot (repr): b'\r'
[bridge] recv from godot (repr): b'\r'
[bridge] recv from godot (repr): b'\r'
[bridge] recv from godot (repr): b'\r'
[bridge] recv from godot (repr): b'l'
[bridge] recv from godot (repr): b's'
[bridge] recv from godot (repr): b'\r'
[-] client disconnected
[-] client disconnected
[bridge] incoming from ('127.0.0.1', 53531)
[+] TCP client connected
[bridge] incoming from ('127.0.0.1', 53533)
[+] TCP client connected
[bridge] recv from godot (repr): b'l'
[bridge] recv from godot (repr): b's'
[bridge] recv from godot (repr): b'\n'
[bridge] recv from godot (repr): b'\n'
[bridge] recv from godot (repr): b'l'
[bridge] recv from godot (repr): b's'
[bridge] recv from godot (repr): b'\n'
[bridge] recv from godot (repr): b'\n'
[bridge] recv from godot (repr): b'\n'
[bridge] recv from godot (repr): b'\n'
[bridge] recv from godot (repr): b'\n'
[bridge] recv from godot (repr): b'\n'
[-] client disconnected
[-] client disconnected
[bridge] incoming from ('127.0.0.1', 53543)
[+] TCP client connected
[bridge] incoming from ('127.0.0.1', 53545)
[+] TCP client connected
[bridge] recv from godot (repr): b'l'
[bridge] recv from godot (repr): b's'
[bridge] recv from godot (repr): b'\r\n'
[bridge] recv from godot (repr): b'c'
[bridge] recv from godot (repr): b'i'
[bridge] recv from godot (repr): b'a'
[bridge] recv from godot (repr): b'o'
[bridge] recv from godot (repr): b'\r\n'
[bridge] recv from godot (repr): b'\r\n'
[bridge] recv from godot (repr): b'e'
[bridge] recv from godot (repr): b'c'
[bridge] recv from godot (repr): b'h'
[bridge] recv from godot (repr): b'o'
[bridge] recv from godot (repr): b'\r\n'
[bridge] recv from godot (repr): b'\r\n'
[bridge] recv from godot (repr): b'l'
[bridge] recv from godot (repr): b's'
[bridge] recv from godot (repr): b'\r\n'
[bridge] recv from godot (repr): b'p'
[bridge] recv from godot (repr): b'w'
[bridge] recv from godot (repr): b'd'
[bridge] recv from godot (repr): b'\r\n'
[bridge] recv from godot (repr): b't'
[bridge] recv from godot (repr): b'o'
[bridge] recv from godot (repr): b'u'
[bridge] recv from godot (repr): b'c'
[bridge] recv from godot (repr): b'h'
[bridge] recv from godot (repr): b's'
[bridge] recv from godot (repr): b'\x7f'
[bridge] recv from godot (repr): b' '
[bridge] recv from godot (repr): b's'
[bridge] recv from godot (repr): b'\r\n'
[bridge] recv from godot (repr): b'\r\n'
[bridge] recv from godot (repr): b'\r\n'
[bridge] recv from godot (repr): b'\r\n'
[bridge] recv from godot (repr): b'\r\n'
[bridge] recv from godot (repr): b't'
[bridge] recv from godot (repr): b'o'
[bridge] recv from godot (repr): b'u'
[bridge] recv from godot (repr): b'c'
[bridge] recv from godot (repr): b'h'
[bridge] recv from godot (repr): b' '
[bridge] recv from godot (repr): b'a'
[bridge] recv from godot (repr): b'\r\n'
[bridge] recv from godot (repr): b'\r\n'
[bridge] recv from godot (repr): b'\r\n'
[bridge] recv from godot (repr): b'\r\n'
[bridge] recv from godot (repr): b'\r\n'
[bridge] recv from godot (repr): b'\r\n'
[bridge] recv from godot (repr): b'\r\n'
[bridge] recv from godot (repr): b'\r\n'
[bridge] recv from godot (repr): b'\r\n'
[bridge] recv from godot (repr): b'\r\n'
[bridge] recv from godot (repr): b'l'
[bridge] recv from godot (repr): b's'
[bridge] recv from godot (repr): b'\r\n'
[bridge] recv from godot (repr): b'r'
[bridge] recv from godot (repr): b'm'
[bridge] recv from godot (repr): b' '
[bridge] recv from godot (repr): b'a'
[bridge] recv from godot (repr): b'\r\n'
[bridge] recv from godot (repr): b'r'
[bridge] recv from godot (repr): b'm'
[bridge] recv from godot (repr): b' '
[bridge] recv from godot (repr): b's'
[bridge] recv from godot (repr): b'\r\n'
[bridge] recv from godot (repr): b'\xc3\xb2'
[bridge] recv from godot (repr): b's'
[bridge] recv from godot (repr): b'\r\n'
[bridge] recv from godot (repr): b'r'
[bridge] recv from godot (repr): b'm'
[bridge] recv from godot (repr): b' '
[bridge] recv from godot (repr): b's'
[bridge] recv from godot (repr): b'\r\n'
[bridge] recv from godot (repr): b'\xc3\xb2'
[bridge] recv from godot (repr): b's'
[bridge] recv from godot (repr): b'\x7f'
[bridge] recv from godot (repr): b'\x7f'
[bridge] recv from godot (repr): b'\xc3\xb2'
[bridge] recv from godot (repr): b's'
[bridge] recv from godot (repr): b'\r\n'
[bridge] recv from godot (repr): b'l'
[bridge] recv from godot (repr): b's'
[bridge] recv from godot (repr): b'\r\n'
[bridge] recv from godot (repr): b'l'
[bridge] recv from godot (repr): b's'
[bridge] recv from godot (repr): b'\r\n'
[bridge] recv from godot (repr): b'l'
[bridge] recv from godot (repr): b's'
[bridge] recv from godot (repr): b'\r\n'
[-] client disconnected
[-] client disconnected
[bridge] incoming from ('127.0.0.1', 49785)